<?xml version="1.0" encoding="UTF-8" ?>
<testsuite tests="32" failures="0" name="org.apache.commons.lang3.time.DateUtilsTest" time="0.037" errors="0" skipped="0">
  <properties>
    <property name="java.runtime.name" value="OpenJDK Runtime Environment"/>
    <property name="sun.boot.library.path" value="/usr/lib/jvm/java-8-openjdk-amd64/jre/lib/amd64"/>
    <property name="java.vm.version" value="25.275-b01"/>
    <property name="java.vm.vendor" value="Private Build"/>
    <property name="java.vendor.url" value="http://java.oracle.com/"/>
    <property name="path.separator" value=":"/>
    <property name="java.vm.name" value="OpenJDK 64-Bit Server VM"/>
    <property name="file.encoding.pkg" value="sun.io"/>
    <property name="user.country" value="US"/>
    <property name="sun.java.launcher" value="SUN_STANDARD"/>
    <property name="sun.os.patch.level" value="unknown"/>
    <property name="java.vm.specification.name" value="Java Virtual Machine Specification"/>
    <property name="user.dir" value="/home/gynther/Desktop/thesisJan28LocalStartChange/TBar/D4J/projects/Lang33utangit2"/>
    <property name="java.runtime.version" value="1.8.0_275-8u275-b01-0ubuntu1~18.04-b01"/>
    <property name="java.awt.graphicsenv" value="sun.awt.X11GraphicsEnvironment"/>
    <property name="basedir" value="/home/gynther/Desktop/thesisJan28LocalStartChange/TBar/D4J/projects/Lang33utangit2"/>
    <property name="java.endorsed.dirs" value="/usr/lib/jvm/java-8-openjdk-amd64/jre/lib/endorsed"/>
    <property name="os.arch" value="amd64"/>
    <property name="surefire.real.class.path" value="/tmp/surefirebooter2673671136607030279.jar"/>
    <property name="java.io.tmpdir" value="/tmp"/>
    <property name="line.separator" value="
"/>
    <property name="java.vm.specification.vendor" value="Oracle Corporation"/>
    <property name="os.name" value="Linux"/>
    <property name="sun.jnu.encoding" value="UTF-8"/>
    <property name="java.library.path" value="/usr/java/packages/lib/amd64:/usr/lib/x86_64-linux-gnu/jni:/lib/x86_64-linux-gnu:/usr/lib/x86_64-linux-gnu:/usr/lib/jni:/lib:/usr/lib"/>
    <property name="surefire.test.class.path" value="/home/gynther/Desktop/thesisJan28LocalStartChange/TBar/D4J/projects/Lang33utangit2/target/test-classes:/home/gynther/Desktop/thesisJan28LocalStartChange/TBar/D4J/projects/Lang33utangit2/target/classes:/home/gynther/.m2/repository/junit/junit/4.7/junit-4.7.jar:/home/gynther/.m2/repository/org/easymock/easymock/2.5.2/easymock-2.5.2.jar:"/>
    <property name="java.specification.name" value="Java Platform API Specification"/>
    <property name="java.class.version" value="52.0"/>
    <property name="sun.management.compiler" value="HotSpot 64-Bit Tiered Compilers"/>
    <property name="os.version" value="5.4.0-62-generic"/>
    <property name="user.home" value="/home/gynther"/>
    <property name="user.timezone" value="Europe/Stockholm"/>
    <property name="java.awt.printerjob" value="sun.print.PSPrinterJob"/>
    <property name="file.encoding" value="UTF-8"/>
    <property name="java.specification.version" value="1.8"/>
    <property name="user.name" value="gynther"/>
    <property name="java.class.path" value="/home/gynther/Desktop/thesisJan28LocalStartChange/TBar/D4J/projects/Lang33utangit2/target/test-classes:/home/gynther/Desktop/thesisJan28LocalStartChange/TBar/D4J/projects/Lang33utangit2/target/classes:/home/gynther/.m2/repository/junit/junit/4.7/junit-4.7.jar:/home/gynther/.m2/repository/org/easymock/easymock/2.5.2/easymock-2.5.2.jar:"/>
    <property name="java.vm.specification.version" value="1.8"/>
    <property name="sun.arch.data.model" value="64"/>
    <property name="java.home" value="/usr/lib/jvm/java-8-openjdk-amd64/jre"/>
    <property name="sun.java.command" value="/tmp/surefirebooter2673671136607030279.jar /tmp/surefire2123232168885874470tmp /tmp/surefire8416707441145101217tmp"/>
    <property name="java.specification.vendor" value="Oracle Corporation"/>
    <property name="user.language" value="en"/>
    <property name="awt.toolkit" value="sun.awt.X11.XToolkit"/>
    <property name="java.vm.info" value="mixed mode"/>
    <property name="java.version" value="1.8.0_275"/>
    <property name="java.ext.dirs" value="/usr/lib/jvm/java-8-openjdk-amd64/jre/lib/ext:/usr/java/packages/lib/ext"/>
    <property name="sun.boot.class.path" value="/usr/lib/jvm/java-8-openjdk-amd64/jre/lib/resources.jar:/usr/lib/jvm/java-8-openjdk-amd64/jre/lib/rt.jar:/usr/lib/jvm/java-8-openjdk-amd64/jre/lib/sunrsasign.jar:/usr/lib/jvm/java-8-openjdk-amd64/jre/lib/jsse.jar:/usr/lib/jvm/java-8-openjdk-amd64/jre/lib/jce.jar:/usr/lib/jvm/java-8-openjdk-amd64/jre/lib/charsets.jar:/usr/lib/jvm/java-8-openjdk-amd64/jre/lib/jfr.jar:/usr/lib/jvm/java-8-openjdk-amd64/jre/classes"/>
    <property name="java.vendor" value="Private Build"/>
    <property name="localRepository" value="/home/gynther/.m2/repository"/>
    <property name="file.separator" value="/"/>
    <property name="java.vendor.url.bug" value="http://bugreport.sun.com/bugreport/"/>
    <property name="sun.cpu.endian" value="little"/>
    <property name="sun.io.unicode.encoding" value="UnicodeLittle"/>
    <property name="sun.desktop" value="gnome"/>
    <property name="sun.cpu.isalist" value=""/>
  </properties>
  <testcase classname="org.apache.commons.lang3.time.DateUtilsTest" name="testConstructor" time="0.002"/>
  <testcase classname="org.apache.commons.lang3.time.DateUtilsTest" name="testIsSameInstant_Cal" time="0.001"/>
  <testcase classname="org.apache.commons.lang3.time.DateUtilsTest" name="testSetDays" time="0"/>
  <testcase classname="org.apache.commons.lang3.time.DateUtilsTest" name="testSetHours" time="0.001"/>
  <testcase classname="org.apache.commons.lang3.time.DateUtilsTest" name="testSetMinutes" time="0"/>
  <testcase classname="org.apache.commons.lang3.time.DateUtilsTest" name="testSetSeconds" time="0.001"/>
  <testcase classname="org.apache.commons.lang3.time.DateUtilsTest" name="testSetMilliseconds" time="0"/>
  <testcase classname="org.apache.commons.lang3.time.DateUtilsTest" name="testRound" time="0.004"/>
  <testcase classname="org.apache.commons.lang3.time.DateUtilsTest" name="testRoundLang346" time="0.001"/>
  <testcase classname="org.apache.commons.lang3.time.DateUtilsTest" name="testTruncate" time="0.003"/>
  <testcase classname="org.apache.commons.lang3.time.DateUtilsTest" name="testTruncateLang59" time="0.002"/>
  <testcase classname="org.apache.commons.lang3.time.DateUtilsTest" name="testLang530" time="0.001"/>
  <testcase classname="org.apache.commons.lang3.time.DateUtilsTest" name="testCeil" time="0.003"/>
  <testcase classname="org.apache.commons.lang3.time.DateUtilsTest" name="testIteratorEx" time="0.001"/>
  <testcase classname="org.apache.commons.lang3.time.DateUtilsTest" name="testWeekIterator" time="0.004"/>
  <testcase classname="org.apache.commons.lang3.time.DateUtilsTest" name="testMonthIterator" time="0.003"/>
  <testcase classname="org.apache.commons.lang3.time.DateUtilsTest" name="testIsSameDay_Date" time="0"/>
  <testcase classname="org.apache.commons.lang3.time.DateUtilsTest" name="testIsSameLocalTime_Cal" time="0.001"/>
  <testcase classname="org.apache.commons.lang3.time.DateUtilsTest" name="testParseDate" time="0"/>
  <testcase classname="org.apache.commons.lang3.time.DateUtilsTest" name="testParseDateWithLeniency" time="0.001"/>
  <testcase classname="org.apache.commons.lang3.time.DateUtilsTest" name="testAddYears" time="0.001"/>
  <testcase classname="org.apache.commons.lang3.time.DateUtilsTest" name="testAddMonths" time="0"/>
  <testcase classname="org.apache.commons.lang3.time.DateUtilsTest" name="testAddWeeks" time="0.001"/>
  <testcase classname="org.apache.commons.lang3.time.DateUtilsTest" name="testAddDays" time="0"/>
  <testcase classname="org.apache.commons.lang3.time.DateUtilsTest" name="testAddHours" time="0.001"/>
  <testcase classname="org.apache.commons.lang3.time.DateUtilsTest" name="testAddMinutes" time="0"/>
  <testcase classname="org.apache.commons.lang3.time.DateUtilsTest" name="testAddSeconds" time="0.001"/>
  <testcase classname="org.apache.commons.lang3.time.DateUtilsTest" name="testAddMilliseconds" time="0"/>
  <testcase classname="org.apache.commons.lang3.time.DateUtilsTest" name="testSetYears" time="0.001"/>
  <testcase classname="org.apache.commons.lang3.time.DateUtilsTest" name="testSetMonths" time="0"/>
  <testcase classname="org.apache.commons.lang3.time.DateUtilsTest" name="testIsSameInstant_Date" time="0.001"/>
  <testcase classname="org.apache.commons.lang3.time.DateUtilsTest" name="testIsSameDay_Cal" time="0"/>
</testsuite>