<?xml version="1.0" encoding="UTF-8" ?>
<testsuite tests="55" failures="0" name="org.apache.commons.lang3.text.StrTokenizerTest" time="0.01" errors="0" skipped="0">
  <properties>
    <property name="java.runtime.name" value="OpenJDK Runtime Environment"/>
    <property name="sun.boot.library.path" value="/usr/lib/jvm/java-8-openjdk-amd64/jre/lib/amd64"/>
    <property name="java.vm.version" value="25.275-b01"/>
    <property name="java.vm.vendor" value="Private Build"/>
    <property name="java.vendor.url" value="http://java.oracle.com/"/>
    <property name="path.separator" value=":"/>
    <property name="java.vm.name" value="OpenJDK 64-Bit Server VM"/>
    <property name="file.encoding.pkg" value="sun.io"/>
    <property name="user.country" value="US"/>
    <property name="sun.java.launcher" value="SUN_STANDARD"/>
    <property name="sun.os.patch.level" value="unknown"/>
    <property name="java.vm.specification.name" value="Java Virtual Machine Specification"/>
    <property name="user.dir" value="/home/gynther/Desktop/thesisJan28LocalStartChange/TBar/D4J/projects/Lang33utangit2"/>
    <property name="java.runtime.version" value="1.8.0_275-8u275-b01-0ubuntu1~18.04-b01"/>
    <property name="java.awt.graphicsenv" value="sun.awt.X11GraphicsEnvironment"/>
    <property name="basedir" value="/home/gynther/Desktop/thesisJan28LocalStartChange/TBar/D4J/projects/Lang33utangit2"/>
    <property name="java.endorsed.dirs" value="/usr/lib/jvm/java-8-openjdk-amd64/jre/lib/endorsed"/>
    <property name="os.arch" value="amd64"/>
    <property name="surefire.real.class.path" value="/tmp/surefirebooter285578040660470216.jar"/>
    <property name="java.io.tmpdir" value="/tmp"/>
    <property name="line.separator" value="
"/>
    <property name="java.vm.specification.vendor" value="Oracle Corporation"/>
    <property name="os.name" value="Linux"/>
    <property name="sun.jnu.encoding" value="UTF-8"/>
    <property name="java.library.path" value="/usr/java/packages/lib/amd64:/usr/lib/x86_64-linux-gnu/jni:/lib/x86_64-linux-gnu:/usr/lib/x86_64-linux-gnu:/usr/lib/jni:/lib:/usr/lib"/>
    <property name="surefire.test.class.path" value="/home/gynther/Desktop/thesisJan28LocalStartChange/TBar/D4J/projects/Lang33utangit2/target/test-classes:/home/gynther/Desktop/thesisJan28LocalStartChange/TBar/D4J/projects/Lang33utangit2/target/classes:/home/gynther/.m2/repository/junit/junit/4.7/junit-4.7.jar:/home/gynther/.m2/repository/org/easymock/easymock/2.5.2/easymock-2.5.2.jar:"/>
    <property name="java.specification.name" value="Java Platform API Specification"/>
    <property name="java.class.version" value="52.0"/>
    <property name="sun.management.compiler" value="HotSpot 64-Bit Tiered Compilers"/>
    <property name="os.version" value="5.4.0-62-generic"/>
    <property name="user.home" value="/home/gynther"/>
    <property name="user.timezone" value="Europe/Stockholm"/>
    <property name="java.awt.printerjob" value="sun.print.PSPrinterJob"/>
    <property name="file.encoding" value="UTF-8"/>
    <property name="java.specification.version" value="1.8"/>
    <property name="user.name" value="gynther"/>
    <property name="java.class.path" value="/home/gynther/Desktop/thesisJan28LocalStartChange/TBar/D4J/projects/Lang33utangit2/target/test-classes:/home/gynther/Desktop/thesisJan28LocalStartChange/TBar/D4J/projects/Lang33utangit2/target/classes:/home/gynther/.m2/repository/junit/junit/4.7/junit-4.7.jar:/home/gynther/.m2/repository/org/easymock/easymock/2.5.2/easymock-2.5.2.jar:"/>
    <property name="java.vm.specification.version" value="1.8"/>
    <property name="sun.arch.data.model" value="64"/>
    <property name="java.home" value="/usr/lib/jvm/java-8-openjdk-amd64/jre"/>
    <property name="sun.java.command" value="/tmp/surefirebooter285578040660470216.jar /tmp/surefire7446169519380700974tmp /tmp/surefire6855423658031409422tmp"/>
    <property name="java.specification.vendor" value="Oracle Corporation"/>
    <property name="user.language" value="en"/>
    <property name="awt.toolkit" value="sun.awt.X11.XToolkit"/>
    <property name="java.vm.info" value="mixed mode"/>
    <property name="java.version" value="1.8.0_275"/>
    <property name="java.ext.dirs" value="/usr/lib/jvm/java-8-openjdk-amd64/jre/lib/ext:/usr/java/packages/lib/ext"/>
    <property name="sun.boot.class.path" value="/usr/lib/jvm/java-8-openjdk-amd64/jre/lib/resources.jar:/usr/lib/jvm/java-8-openjdk-amd64/jre/lib/rt.jar:/usr/lib/jvm/java-8-openjdk-amd64/jre/lib/sunrsasign.jar:/usr/lib/jvm/java-8-openjdk-amd64/jre/lib/jsse.jar:/usr/lib/jvm/java-8-openjdk-amd64/jre/lib/jce.jar:/usr/lib/jvm/java-8-openjdk-amd64/jre/lib/charsets.jar:/usr/lib/jvm/java-8-openjdk-amd64/jre/lib/jfr.jar:/usr/lib/jvm/java-8-openjdk-amd64/jre/classes"/>
    <property name="java.vendor" value="Private Build"/>
    <property name="localRepository" value="/home/gynther/.m2/repository"/>
    <property name="file.separator" value="/"/>
    <property name="java.vendor.url.bug" value="http://bugreport.sun.com/bugreport/"/>
    <property name="sun.cpu.endian" value="little"/>
    <property name="sun.io.unicode.encoding" value="UnicodeLittle"/>
    <property name="sun.desktop" value="gnome"/>
    <property name="sun.cpu.isalist" value=""/>
  </properties>
  <testcase classname="org.apache.commons.lang3.text.StrTokenizerTest" name="testToString" time="0.002"/>
  <testcase classname="org.apache.commons.lang3.text.StrTokenizerTest" name="test7" time="0"/>
  <testcase classname="org.apache.commons.lang3.text.StrTokenizerTest" name="test8" time="0"/>
  <testcase classname="org.apache.commons.lang3.text.StrTokenizerTest" name="testBasic1" time="0"/>
  <testcase classname="org.apache.commons.lang3.text.StrTokenizerTest" name="testBasic2" time="0"/>
  <testcase classname="org.apache.commons.lang3.text.StrTokenizerTest" name="testBasic3" time="0"/>
  <testcase classname="org.apache.commons.lang3.text.StrTokenizerTest" name="testBasic4" time="0"/>
  <testcase classname="org.apache.commons.lang3.text.StrTokenizerTest" name="testBasic5" time="0"/>
  <testcase classname="org.apache.commons.lang3.text.StrTokenizerTest" name="testBasicDelim1" time="0"/>
  <testcase classname="org.apache.commons.lang3.text.StrTokenizerTest" name="testBasicDelim2" time="0"/>
  <testcase classname="org.apache.commons.lang3.text.StrTokenizerTest" name="testBasicEmpty1" time="0"/>
  <testcase classname="org.apache.commons.lang3.text.StrTokenizerTest" name="testBasicEmpty2" time="0"/>
  <testcase classname="org.apache.commons.lang3.text.StrTokenizerTest" name="testBasicQuoted1" time="0"/>
  <testcase classname="org.apache.commons.lang3.text.StrTokenizerTest" name="testBasicQuoted2" time="0"/>
  <testcase classname="org.apache.commons.lang3.text.StrTokenizerTest" name="testBasicQuoted3" time="0"/>
  <testcase classname="org.apache.commons.lang3.text.StrTokenizerTest" name="testBasicQuoted4" time="0"/>
  <testcase classname="org.apache.commons.lang3.text.StrTokenizerTest" name="testBasicQuoted5" time="0"/>
  <testcase classname="org.apache.commons.lang3.text.StrTokenizerTest" name="testBasicQuoted6" time="0"/>
  <testcase classname="org.apache.commons.lang3.text.StrTokenizerTest" name="testBasicQuoted7" time="0"/>
  <testcase classname="org.apache.commons.lang3.text.StrTokenizerTest" name="testBasicTrimmed2" time="0"/>
  <testcase classname="org.apache.commons.lang3.text.StrTokenizerTest" name="testBasicIgnoreTrimmed1" time="0"/>
  <testcase classname="org.apache.commons.lang3.text.StrTokenizerTest" name="testBasicIgnoreTrimmed2" time="0.001"/>
  <testcase classname="org.apache.commons.lang3.text.StrTokenizerTest" name="testBasicIgnoreTrimmed3" time="0"/>
  <testcase classname="org.apache.commons.lang3.text.StrTokenizerTest" name="testBasicIgnoreTrimmed4" time="0"/>
  <testcase classname="org.apache.commons.lang3.text.StrTokenizerTest" name="testListArray" time="0"/>
  <testcase classname="org.apache.commons.lang3.text.StrTokenizerTest" name="testCSVEmpty" time="0.001"/>
  <testcase classname="org.apache.commons.lang3.text.StrTokenizerTest" name="testCSVSimple" time="0"/>
  <testcase classname="org.apache.commons.lang3.text.StrTokenizerTest" name="testCSVSimpleNeedsTrim" time="0"/>
  <testcase classname="org.apache.commons.lang3.text.StrTokenizerTest" name="testGetContent" time="0"/>
  <testcase classname="org.apache.commons.lang3.text.StrTokenizerTest" name="testChaining" time="0"/>
  <testcase classname="org.apache.commons.lang3.text.StrTokenizerTest" name="testCloneNotSupportedException" time="0.001"/>
  <testcase classname="org.apache.commons.lang3.text.StrTokenizerTest" name="testCloneNull" time="0"/>
  <testcase classname="org.apache.commons.lang3.text.StrTokenizerTest" name="testCloneReset" time="0"/>
  <testcase classname="org.apache.commons.lang3.text.StrTokenizerTest" name="testConstructor_String" time="0"/>
  <testcase classname="org.apache.commons.lang3.text.StrTokenizerTest" name="testConstructor_String_char" time="0"/>
  <testcase classname="org.apache.commons.lang3.text.StrTokenizerTest" name="testConstructor_String_char_char" time="0"/>
  <testcase classname="org.apache.commons.lang3.text.StrTokenizerTest" name="testConstructor_charArray" time="0"/>
  <testcase classname="org.apache.commons.lang3.text.StrTokenizerTest" name="testConstructor_charArray_char" time="0"/>
  <testcase classname="org.apache.commons.lang3.text.StrTokenizerTest" name="testConstructor_charArray_char_char" time="0.001"/>
  <testcase classname="org.apache.commons.lang3.text.StrTokenizerTest" name="testReset" time="0"/>
  <testcase classname="org.apache.commons.lang3.text.StrTokenizerTest" name="testReset_String" time="0"/>
  <testcase classname="org.apache.commons.lang3.text.StrTokenizerTest" name="testReset_charArray" time="0"/>
  <testcase classname="org.apache.commons.lang3.text.StrTokenizerTest" name="testTSV" time="0"/>
  <testcase classname="org.apache.commons.lang3.text.StrTokenizerTest" name="testTSVEmpty" time="0"/>
  <testcase classname="org.apache.commons.lang3.text.StrTokenizerTest" name="testIteration" time="0"/>
  <testcase classname="org.apache.commons.lang3.text.StrTokenizerTest" name="testTokenizeSubclassInputChange" time="0"/>
  <testcase classname="org.apache.commons.lang3.text.StrTokenizerTest" name="testTokenizeSubclassOutputChange" time="0.001"/>
  <testcase classname="org.apache.commons.lang3.text.StrTokenizerTest" name="test3" time="0"/>
  <testcase classname="org.apache.commons.lang3.text.StrTokenizerTest" name="test4" time="0"/>
  <testcase classname="org.apache.commons.lang3.text.StrTokenizerTest" name="test5" time="0"/>
  <testcase classname="org.apache.commons.lang3.text.StrTokenizerTest" name="test6" time="0"/>
  <testcase classname="org.apache.commons.lang3.text.StrTokenizerTest" name="test2" time="0"/>
  <testcase classname="org.apache.commons.lang3.text.StrTokenizerTest" name="test1" time="0"/>
  <testcase classname="org.apache.commons.lang3.text.StrTokenizerTest" name="testBasicTrimmed1" time="0"/>
  <testcase classname="org.apache.commons.lang3.text.StrTokenizerTest" name="testBasicQuotedTrimmed1" time="0"/>
</testsuite>