<?xml version="1.0" encoding="UTF-8" ?>
<testsuite tests="51" failures="0" name="org.apache.commons.lang3.math.NumberUtilsTest" time="0.028" errors="0" skipped="0">
  <properties>
    <property name="java.runtime.name" value="OpenJDK Runtime Environment"/>
    <property name="sun.boot.library.path" value="/usr/lib/jvm/java-8-openjdk-amd64/jre/lib/amd64"/>
    <property name="java.vm.version" value="25.275-b01"/>
    <property name="java.vm.vendor" value="Private Build"/>
    <property name="java.vendor.url" value="http://java.oracle.com/"/>
    <property name="path.separator" value=":"/>
    <property name="java.vm.name" value="OpenJDK 64-Bit Server VM"/>
    <property name="file.encoding.pkg" value="sun.io"/>
    <property name="user.country" value="US"/>
    <property name="sun.java.launcher" value="SUN_STANDARD"/>
    <property name="sun.os.patch.level" value="unknown"/>
    <property name="java.vm.specification.name" value="Java Virtual Machine Specification"/>
    <property name="user.dir" value="/home/gynther/Desktop/thesisJan28LocalStartChange/TBar/D4J/projects/Lang33utangit2"/>
    <property name="java.runtime.version" value="1.8.0_275-8u275-b01-0ubuntu1~18.04-b01"/>
    <property name="java.awt.graphicsenv" value="sun.awt.X11GraphicsEnvironment"/>
    <property name="basedir" value="/home/gynther/Desktop/thesisJan28LocalStartChange/TBar/D4J/projects/Lang33utangit2"/>
    <property name="java.endorsed.dirs" value="/usr/lib/jvm/java-8-openjdk-amd64/jre/lib/endorsed"/>
    <property name="os.arch" value="amd64"/>
    <property name="surefire.real.class.path" value="/tmp/surefirebooter285578040660470216.jar"/>
    <property name="java.io.tmpdir" value="/tmp"/>
    <property name="line.separator" value="
"/>
    <property name="java.vm.specification.vendor" value="Oracle Corporation"/>
    <property name="os.name" value="Linux"/>
    <property name="sun.jnu.encoding" value="UTF-8"/>
    <property name="java.library.path" value="/usr/java/packages/lib/amd64:/usr/lib/x86_64-linux-gnu/jni:/lib/x86_64-linux-gnu:/usr/lib/x86_64-linux-gnu:/usr/lib/jni:/lib:/usr/lib"/>
    <property name="surefire.test.class.path" value="/home/gynther/Desktop/thesisJan28LocalStartChange/TBar/D4J/projects/Lang33utangit2/target/test-classes:/home/gynther/Desktop/thesisJan28LocalStartChange/TBar/D4J/projects/Lang33utangit2/target/classes:/home/gynther/.m2/repository/junit/junit/4.7/junit-4.7.jar:/home/gynther/.m2/repository/org/easymock/easymock/2.5.2/easymock-2.5.2.jar:"/>
    <property name="java.specification.name" value="Java Platform API Specification"/>
    <property name="java.class.version" value="52.0"/>
    <property name="sun.management.compiler" value="HotSpot 64-Bit Tiered Compilers"/>
    <property name="os.version" value="5.4.0-62-generic"/>
    <property name="user.home" value="/home/gynther"/>
    <property name="user.timezone" value="Europe/Stockholm"/>
    <property name="java.awt.printerjob" value="sun.print.PSPrinterJob"/>
    <property name="file.encoding" value="UTF-8"/>
    <property name="java.specification.version" value="1.8"/>
    <property name="user.name" value="gynther"/>
    <property name="java.class.path" value="/home/gynther/Desktop/thesisJan28LocalStartChange/TBar/D4J/projects/Lang33utangit2/target/test-classes:/home/gynther/Desktop/thesisJan28LocalStartChange/TBar/D4J/projects/Lang33utangit2/target/classes:/home/gynther/.m2/repository/junit/junit/4.7/junit-4.7.jar:/home/gynther/.m2/repository/org/easymock/easymock/2.5.2/easymock-2.5.2.jar:"/>
    <property name="java.vm.specification.version" value="1.8"/>
    <property name="sun.arch.data.model" value="64"/>
    <property name="java.home" value="/usr/lib/jvm/java-8-openjdk-amd64/jre"/>
    <property name="sun.java.command" value="/tmp/surefirebooter285578040660470216.jar /tmp/surefire7446169519380700974tmp /tmp/surefire6855423658031409422tmp"/>
    <property name="java.specification.vendor" value="Oracle Corporation"/>
    <property name="user.language" value="en"/>
    <property name="awt.toolkit" value="sun.awt.X11.XToolkit"/>
    <property name="java.vm.info" value="mixed mode"/>
    <property name="java.version" value="1.8.0_275"/>
    <property name="java.ext.dirs" value="/usr/lib/jvm/java-8-openjdk-amd64/jre/lib/ext:/usr/java/packages/lib/ext"/>
    <property name="sun.boot.class.path" value="/usr/lib/jvm/java-8-openjdk-amd64/jre/lib/resources.jar:/usr/lib/jvm/java-8-openjdk-amd64/jre/lib/rt.jar:/usr/lib/jvm/java-8-openjdk-amd64/jre/lib/sunrsasign.jar:/usr/lib/jvm/java-8-openjdk-amd64/jre/lib/jsse.jar:/usr/lib/jvm/java-8-openjdk-amd64/jre/lib/jce.jar:/usr/lib/jvm/java-8-openjdk-amd64/jre/lib/charsets.jar:/usr/lib/jvm/java-8-openjdk-amd64/jre/lib/jfr.jar:/usr/lib/jvm/java-8-openjdk-amd64/jre/classes"/>
    <property name="java.vendor" value="Private Build"/>
    <property name="localRepository" value="/home/gynther/.m2/repository"/>
    <property name="file.separator" value="/"/>
    <property name="java.vendor.url.bug" value="http://bugreport.sun.com/bugreport/"/>
    <property name="sun.cpu.endian" value="little"/>
    <property name="sun.io.unicode.encoding" value="UnicodeLittle"/>
    <property name="sun.desktop" value="gnome"/>
    <property name="sun.cpu.isalist" value=""/>
  </properties>
  <testcase classname="org.apache.commons.lang3.math.NumberUtilsTest" name="testConstructor" time="0.002"/>
  <testcase classname="org.apache.commons.lang3.math.NumberUtilsTest" name="testMaximumInt" time="0"/>
  <testcase classname="org.apache.commons.lang3.math.NumberUtilsTest" name="testMaximumShort" time="0"/>
  <testcase classname="org.apache.commons.lang3.math.NumberUtilsTest" name="testMaximumByte" time="0"/>
  <testcase classname="org.apache.commons.lang3.math.NumberUtilsTest" name="testMaximumDouble" time="0"/>
  <testcase classname="org.apache.commons.lang3.math.NumberUtilsTest" name="testMaximumFloat" time="0"/>
  <testcase classname="org.apache.commons.lang3.math.NumberUtilsTest" name="testCompareDouble" time="0"/>
  <testcase classname="org.apache.commons.lang3.math.NumberUtilsTest" name="testCompareFloat" time="0"/>
  <testcase classname="org.apache.commons.lang3.math.NumberUtilsTest" name="testIsDigits" time="0.002"/>
  <testcase classname="org.apache.commons.lang3.math.NumberUtilsTest" name="testIsNumber" time="0.002"/>
  <testcase classname="org.apache.commons.lang3.math.NumberUtilsTest" name="testLang300" time="0"/>
  <testcase classname="org.apache.commons.lang3.math.NumberUtilsTest" name="testLang381" time="0.001"/>
  <testcase classname="org.apache.commons.lang3.math.NumberUtilsTest" name="testStringToDoubleString" time="0.001"/>
  <testcase classname="org.apache.commons.lang3.math.NumberUtilsTest" name="testStringToDoubleStringD" time="0"/>
  <testcase classname="org.apache.commons.lang3.math.NumberUtilsTest" name="testConstants" time="0"/>
  <testcase classname="org.apache.commons.lang3.math.NumberUtilsTest" name="testCreateInteger" time="0"/>
  <testcase classname="org.apache.commons.lang3.math.NumberUtilsTest" name="testCreateBigInteger" time="0"/>
  <testcase classname="org.apache.commons.lang3.math.NumberUtilsTest" name="testCreateBigDecimal" time="0"/>
  <testcase classname="org.apache.commons.lang3.math.NumberUtilsTest" name="testMinLong" time="0"/>
  <testcase classname="org.apache.commons.lang3.math.NumberUtilsTest" name="testMinInt" time="0"/>
  <testcase classname="org.apache.commons.lang3.math.NumberUtilsTest" name="testMinShort" time="0.001"/>
  <testcase classname="org.apache.commons.lang3.math.NumberUtilsTest" name="testMinByte" time="0"/>
  <testcase classname="org.apache.commons.lang3.math.NumberUtilsTest" name="testMinDouble" time="0"/>
  <testcase classname="org.apache.commons.lang3.math.NumberUtilsTest" name="testMinFloat" time="0"/>
  <testcase classname="org.apache.commons.lang3.math.NumberUtilsTest" name="testMaxLong" time="0.001"/>
  <testcase classname="org.apache.commons.lang3.math.NumberUtilsTest" name="testMaxInt" time="0"/>
  <testcase classname="org.apache.commons.lang3.math.NumberUtilsTest" name="testMaxShort" time="0"/>
  <testcase classname="org.apache.commons.lang3.math.NumberUtilsTest" name="testMaxByte" time="0"/>
  <testcase classname="org.apache.commons.lang3.math.NumberUtilsTest" name="testMaxDouble" time="0"/>
  <testcase classname="org.apache.commons.lang3.math.NumberUtilsTest" name="testMaxFloat" time="0"/>
  <testcase classname="org.apache.commons.lang3.math.NumberUtilsTest" name="testMinimumLong" time="0"/>
  <testcase classname="org.apache.commons.lang3.math.NumberUtilsTest" name="testMinimumInt" time="0"/>
  <testcase classname="org.apache.commons.lang3.math.NumberUtilsTest" name="testMinimumShort" time="0"/>
  <testcase classname="org.apache.commons.lang3.math.NumberUtilsTest" name="testMinimumByte" time="0"/>
  <testcase classname="org.apache.commons.lang3.math.NumberUtilsTest" name="testMinimumDouble" time="0"/>
  <testcase classname="org.apache.commons.lang3.math.NumberUtilsTest" name="testMinimumFloat" time="0"/>
  <testcase classname="org.apache.commons.lang3.math.NumberUtilsTest" name="testMaximumLong" time="0"/>
  <testcase classname="org.apache.commons.lang3.math.NumberUtilsTest" name="testToIntString" time="0"/>
  <testcase classname="org.apache.commons.lang3.math.NumberUtilsTest" name="testToLongString" time="0"/>
  <testcase classname="org.apache.commons.lang3.math.NumberUtilsTest" name="testToIntStringI" time="0"/>
  <testcase classname="org.apache.commons.lang3.math.NumberUtilsTest" name="testToByteString" time="0"/>
  <testcase classname="org.apache.commons.lang3.math.NumberUtilsTest" name="testCreateNumber" time="0.001"/>
  <testcase classname="org.apache.commons.lang3.math.NumberUtilsTest" name="testToByteStringI" time="0"/>
  <testcase classname="org.apache.commons.lang3.math.NumberUtilsTest" name="testCreateFloat" time="0"/>
  <testcase classname="org.apache.commons.lang3.math.NumberUtilsTest" name="testCreateDouble" time="0"/>
  <testcase classname="org.apache.commons.lang3.math.NumberUtilsTest" name="testToFloatStringF" time="0"/>
  <testcase classname="org.apache.commons.lang3.math.NumberUtilsTest" name="testToFloatString" time="0"/>
  <testcase classname="org.apache.commons.lang3.math.NumberUtilsTest" name="testCreateLong" time="0"/>
  <testcase classname="org.apache.commons.lang3.math.NumberUtilsTest" name="testToShortString" time="0"/>
  <testcase classname="org.apache.commons.lang3.math.NumberUtilsTest" name="testToShortStringI" time="0"/>
  <testcase classname="org.apache.commons.lang3.math.NumberUtilsTest" name="testToLongStringL" time="0"/>
</testsuite>